ProyectoRecetas/android/app/build/intermediates/manifest_merge_blame_file/debug/manifest-merger-blame-debug-report.txt
1<?xml version="1.0" encoding="utf-8"?>
2<manifest xmlns:android="http://schemas.android.com/apk/res/android"
3    package="com.proyectorecetas"
4    android:versionCode="1"
5    android:versionName="1.0" >
6
7    <uses-sdk
8        android:minSdkVersion="21"
9        android:targetSdkVersion="33" />
10
11    <uses-permission android:name="android.permission.SYSTEM_ALERT_WINDOW" />
11-->src\debug\AndroidManifest.xml:5:5-77
11-->src\debug\AndroidManifest.xml:5:22-75
12    <uses-permission android:name="android.permission.INTERNET" />
12-->src\main\AndroidManifest.xml:3:5-67
12-->src\main\AndroidManifest.xml:3:22-64
13    <uses-permission android:name="android.permission.ACCESS_WIFI_STATE" />
13-->[com.facebook.flipper:flipper:0.182.0] AndroidManifest.xml:16:5-76
13-->[com.facebook.flipper:flipper:0.182.0] AndroidManifest.xml:16:22-73
14
15    <application
15-->src\main\AndroidManifest.xml:5:5-24:19
16        android:name="com.proyectorecetas.MainApplication"
16-->src\main\AndroidManifest.xml:6:7-38
17        android:allowBackup="false"
17-->src\main\AndroidManifest.xml:10:7-34
18        android:appComponentFactory="androidx.core.app.CoreComponentFactory"
18-->[androidx.core:core:1.8.0] AndroidManifest.xml:24:18-86
19        android:debuggable="true"
20        android:icon="@mipmap/ic_launcher"
20-->src\main\AndroidManifest.xml:8:7-41
21        android:label="@string/app_name"
21-->src\main\AndroidManifest.xml:7:7-39
22        android:roundIcon="@mipmap/ic_launcher_round"
22-->src\main\AndroidManifest.xml:9:7-52
23        android:theme="@style/AppTheme"
23-->src\main\AndroidManifest.xml:11:7-38
24        android:usesCleartextTraffic="true" >
24-->src\debug\AndroidManifest.xml:8:9-44
25        <activity
25-->src\debug\AndroidManifest.xml:11:9-111
26            android:name="com.facebook.react.devsupport.DevSettingsActivity"
26-->src\debug\AndroidManifest.xml:11:19-83
27            android:exported="false" />
27-->src\debug\AndroidManifest.xml:11:84-108
28        <activity
28-->src\main\AndroidManifest.xml:12:7-23:18
29            android:name="com.proyectorecetas.MainActivity"
29-->src\main\AndroidManifest.xml:13:9-37
30            android:configChanges="keyboard|keyboardHidden|orientation|screenLayout|screenSize|smallestScreenSize|uiMode"
30-->src\main\AndroidManifest.xml:15:9-118
31            android:exported="true"
31-->src\main\AndroidManifest.xml:18:9-32
32            android:label="@string/app_name"
32-->src\main\AndroidManifest.xml:14:9-41
33            android:launchMode="singleTask"
33-->src\main\AndroidManifest.xml:16:9-40
34            android:windowSoftInputMode="adjustResize" >
34-->src\main\AndroidManifest.xml:17:9-51
35            <intent-filter>
35-->src\main\AndroidManifest.xml:19:9-22:25
36                <action android:name="android.intent.action.MAIN" />
36-->src\main\AndroidManifest.xml:20:13-65
36-->src\main\AndroidManifest.xml:20:21-62
37
38                <category android:name="android.intent.category.LAUNCHER" />
38-->src\main\AndroidManifest.xml:21:13-73
38-->src\main\AndroidManifest.xml:21:23-70
39            </intent-filter>
40        </activity>
41
42        <provider
42-->[:react-native-webview] AndroidManifest.xml:8:9-16:20
43            android:name="com.reactnativecommunity.webview.RNCWebViewFileProvider"
43-->[:react-native-webview] AndroidManifest.xml:9:13-83
44            android:authorities="com.proyectorecetas.fileprovider"
44-->[:react-native-webview] AndroidManifest.xml:10:13-64
45            android:exported="false"
45-->[:react-native-webview] AndroidManifest.xml:11:13-37
46            android:grantUriPermissions="true" >
46-->[:react-native-webview] AndroidManifest.xml:12:13-47
47            <meta-data
47-->[:react-native-webview] AndroidManifest.xml:13:13-15:63
48                android:name="android.support.FILE_PROVIDER_PATHS"
48-->[:react-native-webview] AndroidManifest.xml:14:17-67
49                android:resource="@xml/file_provider_paths" />
49-->[:react-native-webview] AndroidManifest.xml:15:17-60
50        </provider>
51
52        <activity
52-->[com.google.android.gms:play-services-base:17.5.0] AndroidManifest.xml:23:9-26:75
53            android:name="com.google.android.gms.common.api.GoogleApiActivity"
53-->[com.google.android.gms:play-services-base:17.5.0] AndroidManifest.xml:24:13-79
54            android:exported="false"
54-->[com.google.android.gms:play-services-base:17.5.0] AndroidManifest.xml:25:13-37
55            android:theme="@android:style/Theme.Translucent.NoTitleBar" />
55-->[com.google.android.gms:play-services-base:17.5.0] AndroidManifest.xml:26:13-72
56
57        <meta-data
57-->[com.google.android.gms:play-services-basement:17.5.0] AndroidManifest.xml:23:9-25:69
58            android:name="com.google.android.gms.version"
58-->[com.google.android.gms:play-services-basement:17.5.0] AndroidManifest.xml:24:13-58
59            android:value="@integer/google_play_services_version" />
59-->[com.google.android.gms:play-services-basement:17.5.0] AndroidManifest.xml:25:13-66
60        <meta-data
60-->[com.facebook.soloader:soloader:0.10.5] AndroidManifest.xml:12:9-14:37
61            android:name="com.facebook.soloader.enabled"
61-->[com.facebook.soloader:soloader:0.10.5] AndroidManifest.xml:13:13-57
62            android:value="false" />
62-->[com.facebook.soloader:soloader:0.10.5] AndroidManifest.xml:14:13-34
63
64        <provider
64-->[androidx.emoji2:emoji2:1.2.0] AndroidManifest.xml:24:9-32:20
65            android:name="androidx.startup.InitializationProvider"
65-->[androidx.emoji2:emoji2:1.2.0] AndroidManifest.xml:25:13-67
66            android:authorities="com.proyectorecetas.androidx-startup"
66-->[androidx.emoji2:emoji2:1.2.0] AndroidManifest.xml:26:13-68
67            android:exported="false" >
67-->[androidx.emoji2:emoji2:1.2.0] AndroidManifest.xml:27:13-37
68            <meta-data
68-->[androidx.emoji2:emoji2:1.2.0] AndroidManifest.xml:29:13-31:52
69                android:name="androidx.emoji2.text.EmojiCompatInitializer"
69-->[androidx.emoji2:emoji2:1.2.0] AndroidManifest.xml:30:17-75
70                android:value="androidx.startup" />
70-->[androidx.emoji2:emoji2:1.2.0] AndroidManifest.xml:31:17-49
71            <meta-data
71-->[androidx.lifecycle:lifecycle-process:2.4.1] AndroidManifest.xml:31:13-33:52
72                android:name="androidx.lifecycle.ProcessLifecycleInitializer"
72-->[androidx.lifecycle:lifecycle-process:2.4.1] AndroidManifest.xml:32:17-78
73                android:value="androidx.startup" />
73-->[androidx.lifecycle:lifecycle-process:2.4.1] AndroidManifest.xml:33:17-49
74        </provider>
75    </application>
76
77</manifest>